<?xml version="1.0" encoding="UTF-8"?>
<robot generator="Robot 5.0 (Python 3.10.4 on win32)" generated="20220511 20:50:14.225" rpa="false" schemaversion="3">
<suite id="s1" name="Test" source="c:\qaninja\robot\test.robot">
<test id="s1-t1" name="Deve retornar mensagem de boas vindas" line="7">
<kw name="Welcome" library="app">
<var>${result}</var>
<arg>Fernanda</arg>
<msg timestamp="20220511 20:50:14.290" level="INFO">${result} = Olá Fernanda, bem vinda ao Curso básico de Robot Framework!</msg>
<status status="PASS" starttime="20220511 20:50:14.290" endtime="20220511 20:50:14.290"/>
</kw>
<kw name="Should Be Equal" library="BuiltIn">
<arg>${result}</arg>
<arg>Olá Fernanda, bem vinda ao Curso básico de Robot Framework!</arg>
<doc>Fails if the given objects are unequal.</doc>
<status status="PASS" starttime="20220511 20:50:14.290" endtime="20220511 20:50:14.290"/>
</kw>
<status status="PASS" starttime="20220511 20:50:14.290" endtime="20220511 20:50:14.290"/>
</test>
<status status="PASS" starttime="20220511 20:50:14.225" endtime="20220511 20:50:14.290"/>
</suite>
<statistics>
<total>
<stat pass="1" fail="0" skip="0">All Tests</stat>
</total>
<tag>
</tag>
<suite>
<stat pass="1" fail="0" skip="0" id="s1" name="Test">Test</stat>
</suite>
</statistics>
<errors>
</errors>
</robot>
