<?xml version="1.0" encoding="UTF-8"?>
<robot generator="Robot 5.0 (Python 3.10.4 on win32)" generated="20220531 20:04:29.081" rpa="false" schemaversion="3">
<suite id="s1" name="Login Form" source="c:\qaninja\robot\web\tests\login_form.robot">
<test id="s1-t1" name="Login com sucesso" line="8">
<kw name="Nova sessão" library="base" type="SETUP">
<kw name="Open Browser" library="SeleniumLibrary">
<arg>${url}</arg>
<arg>chrome</arg>
<doc>Opens a new browser instance to the optional ``url``.</doc>
<msg timestamp="20220531 20:04:29.450" level="INFO">Opening browser 'chrome' to base url 'https://training-wheels-protocol.herokuapp.com'.</msg>
<status status="PASS" starttime="20220531 20:04:29.450" endtime="20220531 20:04:36.549"/>
</kw>
<status status="PASS" starttime="20220531 20:04:29.449" endtime="20220531 20:04:36.551"/>
</kw>
<kw name="Go To" library="SeleniumLibrary">
<arg>${url}/login</arg>
<doc>Navigates the current browser window to the provided ``url``.</doc>
<msg timestamp="20220531 20:04:36.557" level="INFO">Opening url 'https://training-wheels-protocol.herokuapp.com/login'</msg>
<status status="PASS" starttime="20220531 20:04:36.556" endtime="20220531 20:04:37.610"/>
</kw>
<kw name="Login With">
<arg>stark</arg>
<arg>jarvis!</arg>
<kw name="Input Text" library="SeleniumLibrary">
<arg>css:input[name=username]</arg>
<arg>${uname}</arg>
<doc>Types the given ``text`` into the text field identified by ``locator``.</doc>
<msg timestamp="20220531 20:04:37.616" level="INFO">Typing text 'stark' into text field 'css:input[name=username]'.</msg>
<status status="PASS" starttime="20220531 20:04:37.615" endtime="20220531 20:04:37.794"/>
</kw>
<kw name="Input Text" library="SeleniumLibrary">
<arg>css:input[name=password]</arg>
<arg>${pass}</arg>
<doc>Types the given ``text`` into the text field identified by ``locator``.</doc>
<msg timestamp="20220531 20:04:37.796" level="INFO">Typing text 'jarvis!' into text field 'css:input[name=password]'.</msg>
<status status="PASS" starttime="20220531 20:04:37.794" endtime="20220531 20:04:37.979"/>
</kw>
<kw name="Click Element" library="SeleniumLibrary">
<arg>class:btn-login</arg>
<doc>Click the element identified by ``locator``.</doc>
<msg timestamp="20220531 20:04:37.981" level="INFO">Clicking element 'class:btn-login'.</msg>
<status status="PASS" starttime="20220531 20:04:37.981" endtime="20220531 20:04:38.757"/>
</kw>
<status status="PASS" starttime="20220531 20:04:37.613" endtime="20220531 20:04:38.757"/>
</kw>
<kw name="Should See Logged User">
<arg>Tony Stark</arg>
<kw name="Page Should Contain" library="SeleniumLibrary">
<arg>Olá, ${full_name}. Você acessou a área logada!</arg>
<doc>Verifies that current page contains ``text``.</doc>
<msg timestamp="20220531 20:04:38.789" level="INFO">Current page contains text 'Olá, Tony Stark. Você acessou a área logada!'.</msg>
<status status="PASS" starttime="20220531 20:04:38.759" endtime="20220531 20:04:38.789"/>
</kw>
<status status="PASS" starttime="20220531 20:04:38.758" endtime="20220531 20:04:38.789"/>
</kw>
<kw name="Encerra sessão" library="base" type="TEARDOWN">
<kw name="Capture Page Screenshot" library="SeleniumLibrary">
<doc>Takes a screenshot of the current page and embeds it into a log file.</doc>
<msg timestamp="20220531 20:04:38.959" level="INFO" html="true">&lt;/td&gt;&lt;/tr&gt;&lt;tr&gt;&lt;td colspan="3"&gt;&lt;a href="selenium-screenshot-29.png"&gt;&lt;img src="selenium-screenshot-29.png" width="800px"&gt;&lt;/a&gt;</msg>
<status status="PASS" starttime="20220531 20:04:38.790" endtime="20220531 20:04:38.959"/>
</kw>
<kw name="Close Browser" library="SeleniumLibrary">
<doc>Closes the current browser.</doc>
<status status="PASS" starttime="20220531 20:04:38.960" endtime="20220531 20:04:41.254"/>
</kw>
<status status="PASS" starttime="20220531 20:04:38.789" endtime="20220531 20:04:41.255"/>
</kw>
<status status="PASS" starttime="20220531 20:04:29.448" endtime="20220531 20:04:41.256"/>
</test>
<test id="s1-t2" name="Senha inválida" line="14">
<kw name="Nova sessão" library="base" type="SETUP">
<kw name="Open Browser" library="SeleniumLibrary">
<arg>${url}</arg>
<arg>chrome</arg>
<doc>Opens a new browser instance to the optional ``url``.</doc>
<msg timestamp="20220531 20:04:41.270" level="INFO">Opening browser 'chrome' to base url 'https://training-wheels-protocol.herokuapp.com'.</msg>
<status status="PASS" starttime="20220531 20:04:41.269" endtime="20220531 20:04:46.234"/>
</kw>
<status status="PASS" starttime="20220531 20:04:41.268" endtime="20220531 20:04:46.234"/>
</kw>
<kw name="Go To" library="SeleniumLibrary">
<arg>${url}/login</arg>
<doc>Navigates the current browser window to the provided ``url``.</doc>
<msg timestamp="20220531 20:04:46.238" level="INFO">Opening url 'https://training-wheels-protocol.herokuapp.com/login'</msg>
<status status="PASS" starttime="20220531 20:04:46.237" endtime="20220531 20:04:46.854"/>
</kw>
<kw name="Login With">
<arg>stark</arg>
<arg>abs123</arg>
<kw name="Input Text" library="SeleniumLibrary">
<arg>css:input[name=username]</arg>
<arg>${uname}</arg>
<doc>Types the given ``text`` into the text field identified by ``locator``.</doc>
<msg timestamp="20220531 20:04:46.856" level="INFO">Typing text 'stark' into text field 'css:input[name=username]'.</msg>
<status status="PASS" starttime="20220531 20:04:46.856" endtime="20220531 20:04:47.068"/>
</kw>
<kw name="Input Text" library="SeleniumLibrary">
<arg>css:input[name=password]</arg>
<arg>${pass}</arg>
<doc>Types the given ``text`` into the text field identified by ``locator``.</doc>
<msg timestamp="20220531 20:04:47.069" level="INFO">Typing text 'abs123' into text field 'css:input[name=password]'.</msg>
<status status="PASS" starttime="20220531 20:04:47.068" endtime="20220531 20:04:47.263"/>
</kw>
<kw name="Click Element" library="SeleniumLibrary">
<arg>class:btn-login</arg>
<doc>Click the element identified by ``locator``.</doc>
<msg timestamp="20220531 20:04:47.264" level="INFO">Clicking element 'class:btn-login'.</msg>
<status status="PASS" starttime="20220531 20:04:47.264" endtime="20220531 20:04:47.928"/>
</kw>
<status status="PASS" starttime="20220531 20:04:46.855" endtime="20220531 20:04:47.928"/>
</kw>
<kw name="Should Contain Login Alert">
<arg>Senha é invalida!</arg>
<kw name="Get WebElement" library="SeleniumLibrary">
<var>${message}</var>
<arg>id:flash</arg>
<doc>Returns the first WebElement matching the given ``locator``.</doc>
<msg timestamp="20220531 20:04:47.962" level="INFO">${message} = &lt;selenium.webdriver.remote.webelement.WebElement (session="0c0bf7572104c310d51831b2854ccccc", element="4d15e417-cb76-4a73-99bb-865c9bce0511")&gt;</msg>
<status status="PASS" starttime="20220531 20:04:47.929" endtime="20220531 20:04:47.962"/>
</kw>
<kw name="Should Contain" library="BuiltIn">
<arg>${message.text}</arg>
<arg>${expect_message}</arg>
<doc>Fails if ``container`` does not contain ``item`` one or more times.</doc>
<status status="PASS" starttime="20220531 20:04:47.963" endtime="20220531 20:04:47.999"/>
</kw>
<status status="PASS" starttime="20220531 20:04:47.928" endtime="20220531 20:04:47.999"/>
</kw>
<kw name="Encerra sessão" library="base" type="TEARDOWN">
<kw name="Capture Page Screenshot" library="SeleniumLibrary">
<doc>Takes a screenshot of the current page and embeds it into a log file.</doc>
<msg timestamp="20220531 20:04:48.231" level="INFO" html="true">&lt;/td&gt;&lt;/tr&gt;&lt;tr&gt;&lt;td colspan="3"&gt;&lt;a href="selenium-screenshot-30.png"&gt;&lt;img src="selenium-screenshot-30.png" width="800px"&gt;&lt;/a&gt;</msg>
<status status="PASS" starttime="20220531 20:04:48.002" endtime="20220531 20:04:48.231"/>
</kw>
<kw name="Close Browser" library="SeleniumLibrary">
<doc>Closes the current browser.</doc>
<status status="PASS" starttime="20220531 20:04:48.231" endtime="20220531 20:04:50.542"/>
</kw>
<status status="PASS" starttime="20220531 20:04:48.001" endtime="20220531 20:04:50.543"/>
</kw>
<status status="PASS" starttime="20220531 20:04:41.265" endtime="20220531 20:04:50.544"/>
</test>
<test id="s1-t3" name="Usuário não existe" line="20">
<kw name="Nova sessão" library="base" type="SETUP">
<kw name="Open Browser" library="SeleniumLibrary">
<arg>${url}</arg>
<arg>chrome</arg>
<doc>Opens a new browser instance to the optional ``url``.</doc>
<msg timestamp="20220531 20:04:50.561" level="INFO">Opening browser 'chrome' to base url 'https://training-wheels-protocol.herokuapp.com'.</msg>
<status status="PASS" starttime="20220531 20:04:50.559" endtime="20220531 20:04:56.952"/>
</kw>
<status status="PASS" starttime="20220531 20:04:50.556" endtime="20220531 20:04:56.953"/>
</kw>
<kw name="Go To" library="SeleniumLibrary">
<arg>${url}/login</arg>
<doc>Navigates the current browser window to the provided ``url``.</doc>
<msg timestamp="20220531 20:04:56.954" level="INFO">Opening url 'https://training-wheels-protocol.herokuapp.com/login'</msg>
<status status="PASS" starttime="20220531 20:04:56.953" endtime="20220531 20:04:57.899"/>
</kw>
<kw name="Login With">
<arg>teste</arg>
<arg>1234</arg>
<kw name="Input Text" library="SeleniumLibrary">
<arg>css:input[name=username]</arg>
<arg>${uname}</arg>
<doc>Types the given ``text`` into the text field identified by ``locator``.</doc>
<msg timestamp="20220531 20:04:57.902" level="INFO">Typing text 'teste' into text field 'css:input[name=username]'.</msg>
<status status="PASS" starttime="20220531 20:04:57.901" endtime="20220531 20:04:58.077"/>
</kw>
<kw name="Input Text" library="SeleniumLibrary">
<arg>css:input[name=password]</arg>
<arg>${pass}</arg>
<doc>Types the given ``text`` into the text field identified by ``locator``.</doc>
<msg timestamp="20220531 20:04:58.079" level="INFO">Typing text '1234' into text field 'css:input[name=password]'.</msg>
<status status="PASS" starttime="20220531 20:04:58.078" endtime="20220531 20:04:58.251"/>
</kw>
<kw name="Click Element" library="SeleniumLibrary">
<arg>class:btn-login</arg>
<doc>Click the element identified by ``locator``.</doc>
<msg timestamp="20220531 20:04:58.252" level="INFO">Clicking element 'class:btn-login'.</msg>
<status status="PASS" starttime="20220531 20:04:58.251" endtime="20220531 20:04:58.906"/>
</kw>
<status status="PASS" starttime="20220531 20:04:57.900" endtime="20220531 20:04:58.907"/>
</kw>
<kw name="Should Contain Login Alert">
<arg>O usuário informado não está cadastrado!</arg>
<kw name="Get WebElement" library="SeleniumLibrary">
<var>${message}</var>
<arg>id:flash</arg>
<doc>Returns the first WebElement matching the given ``locator``.</doc>
<msg timestamp="20220531 20:04:58.932" level="INFO">${message} = &lt;selenium.webdriver.remote.webelement.WebElement (session="74d9e5a88e8865c846017c4faaa3baa4", element="17dc0f6c-90e4-4381-b469-79e16973c42b")&gt;</msg>
<status status="PASS" starttime="20220531 20:04:58.909" endtime="20220531 20:04:58.932"/>
</kw>
<kw name="Should Contain" library="BuiltIn">
<arg>${message.text}</arg>
<arg>${expect_message}</arg>
<doc>Fails if ``container`` does not contain ``item`` one or more times.</doc>
<status status="PASS" starttime="20220531 20:04:58.932" endtime="20220531 20:04:58.962"/>
</kw>
<status status="PASS" starttime="20220531 20:04:58.908" endtime="20220531 20:04:58.962"/>
</kw>
<kw name="Encerra sessão" library="base" type="TEARDOWN">
<kw name="Capture Page Screenshot" library="SeleniumLibrary">
<doc>Takes a screenshot of the current page and embeds it into a log file.</doc>
<msg timestamp="20220531 20:04:59.152" level="INFO" html="true">&lt;/td&gt;&lt;/tr&gt;&lt;tr&gt;&lt;td colspan="3"&gt;&lt;a href="selenium-screenshot-31.png"&gt;&lt;img src="selenium-screenshot-31.png" width="800px"&gt;&lt;/a&gt;</msg>
<status status="PASS" starttime="20220531 20:04:58.963" endtime="20220531 20:04:59.153"/>
</kw>
<kw name="Close Browser" library="SeleniumLibrary">
<doc>Closes the current browser.</doc>
<status status="PASS" starttime="20220531 20:04:59.153" endtime="20220531 20:05:01.447"/>
</kw>
<status status="PASS" starttime="20220531 20:04:58.963" endtime="20220531 20:05:01.447"/>
</kw>
<tag>login_error</tag>
<status status="PASS" starttime="20220531 20:04:50.554" endtime="20220531 20:05:01.448"/>
</test>
<status status="PASS" starttime="20220531 20:04:29.084" endtime="20220531 20:05:01.453"/>
</suite>
<statistics>
<total>
<stat pass="3" fail="0" skip="0">All Tests</stat>
</total>
<tag>
<stat pass="1" fail="0" skip="0">login_error</stat>
</tag>
<suite>
<stat pass="3" fail="0" skip="0" id="s1" name="Login Form">Login Form</stat>
</suite>
</statistics>
<errors>
</errors>
</robot>
