<?xml version="1.0" encoding="UTF-8"?>
<robot generator="Robot 5.0 (Python 3.10.4 on win32)" generated="20220530 19:30:05.690" rpa="false" schemaversion="3">
<suite id="s1" name="Select" source="c:\qaninja\robot\web\tests\select.robot">
<test id="s1-t1" name="Selecionar por texto e validar pelo valor" line="8">
<kw name="Nova sessão" library="base" type="SETUP">
<kw name="Open Browser" library="SeleniumLibrary">
<arg>${url}</arg>
<arg>chrome</arg>
<doc>Opens a new browser instance to the optional ``url``.</doc>
<msg timestamp="20220530 19:30:06.115" level="INFO">Opening browser 'chrome' to base url 'https://training-wheels-protocol.herokuapp.com'.</msg>
<status status="PASS" starttime="20220530 19:30:06.114" endtime="20220530 19:30:14.477"/>
</kw>
<status status="PASS" starttime="20220530 19:30:06.113" endtime="20220530 19:30:14.477"/>
</kw>
<kw name="Go To" library="SeleniumLibrary">
<arg>${url}/dropdown</arg>
<doc>Navigates the current browser window to the provided ``url``.</doc>
<msg timestamp="20220530 19:30:14.479" level="INFO">Opening url 'https://training-wheels-protocol.herokuapp.com/dropdown'</msg>
<status status="PASS" starttime="20220530 19:30:14.478" endtime="20220530 19:30:14.912"/>
</kw>
<kw name="Select From List By Label" library="SeleniumLibrary">
<arg>class:avenger-list</arg>
<arg>Scott Lang</arg>
<doc>Selects options from selection list ``locator`` by ``labels``.</doc>
<msg timestamp="20220530 19:30:14.914" level="INFO">Selecting options from selection list 'class:avenger-list' by label Scott Lang.</msg>
<status status="PASS" starttime="20220530 19:30:14.913" endtime="20220530 19:30:15.056"/>
</kw>
<kw name="Get Selected List Value" library="SeleniumLibrary">
<var>${selected}</var>
<arg>class:avenger-list</arg>
<doc>Returns the value of selected option from selection list ``locator``.</doc>
<msg timestamp="20220530 19:30:15.260" level="INFO">${selected} = 7</msg>
<status status="PASS" starttime="20220530 19:30:15.056" endtime="20220530 19:30:15.260"/>
</kw>
<kw name="Should Be Equal" library="BuiltIn">
<arg>${selected}</arg>
<arg>7</arg>
<doc>Fails if the given objects are unequal.</doc>
<status status="PASS" starttime="20220530 19:30:15.261" endtime="20220530 19:30:15.261"/>
</kw>
<kw name="Encerra sessão" library="base" type="TEARDOWN">
<kw name="Capture Page Screenshot" library="SeleniumLibrary">
<doc>Takes a screenshot of the current page and embeds it into a log file.</doc>
<msg timestamp="20220530 19:30:15.504" level="INFO" html="true">&lt;/td&gt;&lt;/tr&gt;&lt;tr&gt;&lt;td colspan="3"&gt;&lt;a href="selenium-screenshot-13.png"&gt;&lt;img src="selenium-screenshot-13.png" width="800px"&gt;&lt;/a&gt;</msg>
<status status="PASS" starttime="20220530 19:30:15.262" endtime="20220530 19:30:15.504"/>
</kw>
<kw name="Close Browser" library="SeleniumLibrary">
<doc>Closes the current browser.</doc>
<status status="PASS" starttime="20220530 19:30:15.504" endtime="20220530 19:30:17.860"/>
</kw>
<status status="PASS" starttime="20220530 19:30:15.262" endtime="20220530 19:30:17.861"/>
</kw>
<status status="PASS" starttime="20220530 19:30:06.104" endtime="20220530 19:30:17.861"/>
</test>
<test id="s1-t2" name="Selecionar pelo valor e validar pelo texto" line="14">
<kw name="Nova sessão" library="base" type="SETUP">
<kw name="Open Browser" library="SeleniumLibrary">
<arg>${url}</arg>
<arg>chrome</arg>
<doc>Opens a new browser instance to the optional ``url``.</doc>
<msg timestamp="20220530 19:30:17.867" level="INFO">Opening browser 'chrome' to base url 'https://training-wheels-protocol.herokuapp.com'.</msg>
<status status="PASS" starttime="20220530 19:30:17.867" endtime="20220530 19:30:26.223"/>
</kw>
<status status="PASS" starttime="20220530 19:30:17.866" endtime="20220530 19:30:26.224"/>
</kw>
<kw name="Go To" library="SeleniumLibrary">
<arg>${url}/dropdown</arg>
<doc>Navigates the current browser window to the provided ``url``.</doc>
<msg timestamp="20220530 19:30:26.228" level="INFO">Opening url 'https://training-wheels-protocol.herokuapp.com/dropdown'</msg>
<status status="PASS" starttime="20220530 19:30:26.227" endtime="20220530 19:30:26.644"/>
</kw>
<kw name="Select From List By Value" library="SeleniumLibrary">
<arg>id:dropdown</arg>
<arg>6</arg>
<doc>Selects options from selection list ``locator`` by ``values``.</doc>
<msg timestamp="20220530 19:30:26.645" level="INFO">Selecting options from selection list 'id:dropdown' by value 6.</msg>
<status status="PASS" starttime="20220530 19:30:26.644" endtime="20220530 19:30:26.797"/>
</kw>
<kw name="Get Selected List Label" library="SeleniumLibrary">
<var>${selected}</var>
<arg>id:dropdown</arg>
<doc>Returns the label of selected option from selection list ``locator``.</doc>
<msg timestamp="20220530 19:30:27.020" level="INFO">${selected} = Loki</msg>
<status status="PASS" starttime="20220530 19:30:26.798" endtime="20220530 19:30:27.020"/>
</kw>
<kw name="Should Be Equal" library="BuiltIn">
<arg>${selected}</arg>
<arg>Loki</arg>
<doc>Fails if the given objects are unequal.</doc>
<status status="PASS" starttime="20220530 19:30:27.023" endtime="20220530 19:30:27.023"/>
</kw>
<kw name="Encerra sessão" library="base" type="TEARDOWN">
<kw name="Capture Page Screenshot" library="SeleniumLibrary">
<doc>Takes a screenshot of the current page and embeds it into a log file.</doc>
<msg timestamp="20220530 19:30:27.334" level="INFO" html="true">&lt;/td&gt;&lt;/tr&gt;&lt;tr&gt;&lt;td colspan="3"&gt;&lt;a href="selenium-screenshot-14.png"&gt;&lt;img src="selenium-screenshot-14.png" width="800px"&gt;&lt;/a&gt;</msg>
<status status="PASS" starttime="20220530 19:30:27.024" endtime="20220530 19:30:27.334"/>
</kw>
<kw name="Close Browser" library="SeleniumLibrary">
<doc>Closes the current browser.</doc>
<status status="PASS" starttime="20220530 19:30:27.334" endtime="20220530 19:30:29.731"/>
</kw>
<status status="PASS" starttime="20220530 19:30:27.024" endtime="20220530 19:30:29.731"/>
</kw>
<status status="PASS" starttime="20220530 19:30:17.864" endtime="20220530 19:30:29.732"/>
</test>
<status status="PASS" starttime="20220530 19:30:05.695" endtime="20220530 19:30:29.734"/>
</suite>
<statistics>
<total>
<stat pass="2" fail="0" skip="0">All Tests</stat>
</total>
<tag>
</tag>
<suite>
<stat pass="2" fail="0" skip="0" id="s1" name="Select">Select</stat>
</suite>
</statistics>
<errors>
</errors>
</robot>
